<?xml version="1.0" encoding="UTF-8"?>
<!-- Generated by org.testng.reporters.JUnitReportReporter -->
<testsuite hostname="DESKTOP-A1H2EAB" failures="0" tests="1" name="Strings.Duplicates" time="0.015" errors="0" timestamp="2023-02-24T13:56:17 IST" skipped="0">
  <testcase classname="Strings.Duplicates" name="duplicate_Character" time="0.015"/>
  <system-out/>
</testsuite> <!-- Strings.Duplicates -->
