<?xml version="1.0" encoding="UTF-8"?>
<!-- Generated by org.testng.reporters.JUnitReportReporter -->
<testsuite hostname="DESKTOP-A1H2EAB" failures="0" tests="5" name="Interview.Interview_Programs" time="0.012" errors="0" timestamp="2023-03-01T13:10:15 IST" skipped="0">
  <testcase classname="Interview.Interview_Programs" name="pallindrome" time="0.002"/>
  <system-out/>
  <testcase classname="Interview.Interview_Programs" name="prime_Number" time="0.001"/>
  <system-out/>
  <testcase classname="Interview.Interview_Programs" name="reverse_Pallindrome" time="0.003"/>
  <system-out/>
  <testcase classname="Interview.Interview_Programs" name="fibanacci" time="0.002"/>
  <system-out/>
  <testcase classname="Interview.Interview_Programs" name="find_Duplicate_Characters" time="0.004"/>
  <system-out/>
</testsuite> <!-- Interview.Interview_Programs -->
