<?xml version="1.0" encoding="UTF-8"?>
<!-- Generated by org.testng.reporters.JUnitReportReporter -->
<testsuite skipped="0" hostname="DESKTOP-A1H2EAB" name="Strings.Duplicates" tests="1" failures="0" timestamp="2023-02-24T19:02:14 IST" time="0.011" errors="0">
  <testcase name="duplicate_Character" time="0.011" classname="Strings.Duplicates"/>
  <system-out/>
</testsuite> <!-- Strings.Duplicates -->
